{"numTotalTestSuites":10,"numPassedTestSuites":6,"numFailedTestSuites":4,"numPendingTestSuites":0,"numTotalTests":28,"numPassedTests":26,"numFailedTests":2,"numPendingTests":0,"numTodoTests":0,"snapshot":{"added":0,"failure":false,"filesAdded":0,"filesRemoved":0,"filesRemovedList":[],"filesUnmatched":0,"filesUpdated":0,"matched":0,"total":0,"unchecked":0,"uncheckedKeysByFile":[],"unmatched":0,"updated":0,"didUpdate":false},"startTime":1769632529239,"success":false,"testResults":[{"assertionResults":[{"ancestorTitles":["analyzeSpamRisk","Word Count Checks"],"fullName":"analyzeSpamRisk Word Count Checks should warn when email is too short (<50 words)","status":"passed","title":"should warn when email is too short (<50 words)","duration":2.388300000000072,"failureMessages":[],"meta":{}},{"ancestorTitles":["analyzeSpamRisk","Word Count Checks"],"fullName":"analyzeSpamRisk Word Count Checks should warn when email is too long (>500 words)","status":"passed","title":"should warn when email is too long (>500 words)","duration":0.9356999999999971,"failureMessages":[],"meta":{}},{"ancestorTitles":["analyzeSpamRisk","Word Count Checks"],"fullName":"analyzeSpamRisk Word Count Checks should not warn for normal length emails (50-500 words)","status":"passed","title":"should not warn for normal length emails (50-500 words)","duration":0.302599999999984,"failureMessages":[],"meta":{}},{"ancestorTitles":["analyzeSpamRisk","Word Count Checks"],"fullName":"analyzeSpamRisk Word Count Checks should strip HTML tags when counting words","status":"passed","title":"should strip HTML tags when counting words","duration":0.2699000000000069,"failureMessages":[],"meta":{}},{"ancestorTitles":["analyzeSpamRisk","Link Count Checks"],"fullName":"analyzeSpamRisk Link Count Checks should warn when more than 3 links are present","status":"passed","title":"should warn when more than 3 links are present","duration":0.23900000000003274,"failureMessages":[],"meta":{}},{"ancestorTitles":["analyzeSpamRisk","Link Count Checks"],"fullName":"analyzeSpamRisk Link Count Checks should not warn when 3 or fewer links are present","status":"passed","title":"should not warn when 3 or fewer links are present","duration":0.1932000000001608,"failureMessages":[],"meta":{}},{"ancestorTitles":["analyzeSpamRisk","Link Count Checks"],"fullName":"analyzeSpamRisk Link Count Checks should detect mailto links","status":"passed","title":"should detect mailto links","duration":0.19620000000008986,"failureMessages":[],"meta":{}},{"ancestorTitles":["analyzeSpamRisk","Risky Words Detection"],"fullName":"analyzeSpamRisk Risky Words Detection should detect French risky words","status":"passed","title":"should detect French risky words","duration":0.22420000000010987,"failureMessages":[],"meta":{}},{"ancestorTitles":["analyzeSpamRisk","Risky Words Detection"],"fullName":"analyzeSpamRisk Risky Words Detection should detect English risky words","status":"passed","title":"should detect English risky words","duration":0.23479999999995016,"failureMessages":[],"meta":{}},{"ancestorTitles":["analyzeSpamRisk","Risky Words Detection"],"fullName":"analyzeSpamRisk Risky Words Detection should not warn when no risky words are present","status":"passed","title":"should not warn when no risky words are present","duration":0.26720000000000255,"failureMessages":[],"meta":{}},{"ancestorTitles":["analyzeSpamRisk","Risky Words Detection"],"fullName":"analyzeSpamRisk Risky Words Detection should match whole words only","status":"passed","title":"should match whole words only","duration":0.209999999999809,"failureMessages":[],"meta":{}},{"ancestorTitles":["analyzeSpamRisk","Excessive Punctuation Detection"],"fullName":"analyzeSpamRisk Excessive Punctuation Detection should detect triple exclamation marks","status":"passed","title":"should detect triple exclamation marks","duration":0.1652000000001408,"failureMessages":[],"meta":{}},{"ancestorTitles":["analyzeSpamRisk","Excessive Punctuation Detection"],"fullName":"analyzeSpamRisk Excessive Punctuation Detection should detect triple question marks","status":"passed","title":"should detect triple question marks","duration":0.2236000000000331,"failureMessages":[],"meta":{}},{"ancestorTitles":["analyzeSpamRisk","Excessive Punctuation Detection"],"fullName":"analyzeSpamRisk Excessive Punctuation Detection should detect mixed punctuation","status":"passed","title":"should detect mixed punctuation","duration":0.2153000000000702,"failureMessages":[],"meta":{}},{"ancestorTitles":["analyzeSpamRisk","Excessive Punctuation Detection"],"fullName":"analyzeSpamRisk Excessive Punctuation Detection should not warn for normal punctuation","status":"passed","title":"should not warn for normal punctuation","duration":0.18419999999991887,"failureMessages":[],"meta":{}},{"ancestorTitles":["analyzeSpamRisk","ALL CAPS Detection"],"fullName":"analyzeSpamRisk ALL CAPS Detection should warn when more than 20% is uppercase","status":"failed","title":"should warn when more than 20% is uppercase","duration":6.398100000000113,"failureMessages":["AssertionError: expected false to be true // Object.is equality\n    at C:/Users/Alexis/Documents/LeadGen/src/__tests__/unit/sequences/spam-analyzer.test.ts:195:70\n    at file:///C:/Users/Alexis/Documents/LeadGen/node_modules/.pnpm/@vitest+runner@4.0.17/node_modules/@vitest/runner/dist/index.js:145:11\n    at file:///C:/Users/Alexis/Documents/LeadGen/node_modules/.pnpm/@vitest+runner@4.0.17/node_modules/@vitest/runner/dist/index.js:915:26\n    at file:///C:/Users/Alexis/Documents/LeadGen/node_modules/.pnpm/@vitest+runner@4.0.17/node_modules/@vitest/runner/dist/index.js:1243:20\n    at new Promise (<anonymous>)\n    at runWithTimeout (file:///C:/Users/Alexis/Documents/LeadGen/node_modules/.pnpm/@vitest+runner@4.0.17/node_modules/@vitest/runner/dist/index.js:1209:10)\n    at file:///C:/Users/Alexis/Documents/LeadGen/node_modules/.pnpm/@vitest+runner@4.0.17/node_modules/@vitest/runner/dist/index.js:1653:37\n    at Traces.$ (file:///C:/Users/Alexis/Documents/LeadGen/node_modules/.pnpm/vitest@4.0.17_@types+node@2_54aa4df93c838034e9226a0c4a83bc41/node_modules/vitest/dist/chunks/traces.CCmnQaNT.js:142:27)\n    at trace (file:///C:/Users/Alexis/Documents/LeadGen/node_modules/.pnpm/vitest@4.0.17_@types+node@2_54aa4df93c838034e9226a0c4a83bc41/node_modules/vitest/dist/chunks/test.B8ej_ZHS.js:239:21)\n    at runTest (file:///C:/Users/Alexis/Documents/LeadGen/node_modules/.pnpm/@vitest+runner@4.0.17/node_modules/@vitest/runner/dist/index.js:1653:12)"],"meta":{}},{"ancestorTitles":["analyzeSpamRisk","ALL CAPS Detection"],"fullName":"analyzeSpamRisk ALL CAPS Detection should not warn for normal capitalization","status":"passed","title":"should not warn for normal capitalization","duration":0.22910000000001673,"failureMessages":[],"meta":{}},{"ancestorTitles":["analyzeSpamRisk","ALL CAPS Detection"],"fullName":"analyzeSpamRisk ALL CAPS Detection should ignore HTML tags when calculating caps percentage","status":"passed","title":"should ignore HTML tags when calculating caps percentage","duration":0.17869999999993524,"failureMessages":[],"meta":{}},{"ancestorTitles":["analyzeSpamRisk","Unsubscribe Detection"],"fullName":"analyzeSpamRisk Unsubscribe Detection should warn when unsubscribe text is missing","status":"failed","title":"should warn when unsubscribe text is missing","duration":0.7106999999998607,"failureMessages":["AssertionError: expected false to be true // Object.is equality\n    at C:/Users/Alexis/Documents/LeadGen/src/__tests__/unit/sequences/spam-analyzer.test.ts:228:81\n    at file:///C:/Users/Alexis/Documents/LeadGen/node_modules/.pnpm/@vitest+runner@4.0.17/node_modules/@vitest/runner/dist/index.js:145:11\n    at file:///C:/Users/Alexis/Documents/LeadGen/node_modules/.pnpm/@vitest+runner@4.0.17/node_modules/@vitest/runner/dist/index.js:915:26\n    at file:///C:/Users/Alexis/Documents/LeadGen/node_modules/.pnpm/@vitest+runner@4.0.17/node_modules/@vitest/runner/dist/index.js:1243:20\n    at new Promise (<anonymous>)\n    at runWithTimeout (file:///C:/Users/Alexis/Documents/LeadGen/node_modules/.pnpm/@vitest+runner@4.0.17/node_modules/@vitest/runner/dist/index.js:1209:10)\n    at file:///C:/Users/Alexis/Documents/LeadGen/node_modules/.pnpm/@vitest+runner@4.0.17/node_modules/@vitest/runner/dist/index.js:1653:37\n    at Traces.$ (file:///C:/Users/Alexis/Documents/LeadGen/node_modules/.pnpm/vitest@4.0.17_@types+node@2_54aa4df93c838034e9226a0c4a83bc41/node_modules/vitest/dist/chunks/traces.CCmnQaNT.js:142:27)\n    at trace (file:///C:/Users/Alexis/Documents/LeadGen/node_modules/.pnpm/vitest@4.0.17_@types+node@2_54aa4df93c838034e9226a0c4a83bc41/node_modules/vitest/dist/chunks/test.B8ej_ZHS.js:239:21)\n    at runTest (file:///C:/Users/Alexis/Documents/LeadGen/node_modules/.pnpm/@vitest+runner@4.0.17/node_modules/@vitest/runner/dist/index.js:1653:12)"],"meta":{}},{"ancestorTitles":["analyzeSpamRisk","Unsubscribe Detection"],"fullName":"analyzeSpamRisk Unsubscribe Detection should not warn when French unsubscribe text is present","status":"passed","title":"should not warn when French unsubscribe text is present","duration":0.18859999999995125,"failureMessages":[],"meta":{}},{"ancestorTitles":["analyzeSpamRisk","Unsubscribe Detection"],"fullName":"analyzeSpamRisk Unsubscribe Detection should not warn when English unsubscribe text is present","status":"passed","title":"should not warn when English unsubscribe text is present","duration":0.22380000000021028,"failureMessages":[],"meta":{}},{"ancestorTitles":["analyzeSpamRisk","Score Calculation and Risk Levels"],"fullName":"analyzeSpamRisk Score Calculation and Risk Levels should return LOW risk for clean emails","status":"passed","title":"should return LOW risk for clean emails","duration":0.27500000000009095,"failureMessages":[],"meta":{}},{"ancestorTitles":["analyzeSpamRisk","Score Calculation and Risk Levels"],"fullName":"analyzeSpamRisk Score Calculation and Risk Levels should return MEDIUM risk for moderately problematic emails","status":"passed","title":"should return MEDIUM risk for moderately problematic emails","duration":0.2961999999999989,"failureMessages":[],"meta":{}},{"ancestorTitles":["analyzeSpamRisk","Score Calculation and Risk Levels"],"fullName":"analyzeSpamRisk Score Calculation and Risk Levels should return HIGH risk for very problematic emails","status":"passed","title":"should return HIGH risk for very problematic emails","duration":0.17419999999992797,"failureMessages":[],"meta":{}},{"ancestorTitles":["analyzeSpamRisk","Score Calculation and Risk Levels"],"fullName":"analyzeSpamRisk Score Calculation and Risk Levels should accumulate scores from multiple issues","status":"passed","title":"should accumulate scores from multiple issues","duration":0.1491000000000895,"failureMessages":[],"meta":{}},{"ancestorTitles":["hasHighSeverityWarnings"],"fullName":"hasHighSeverityWarnings should return true when high severity warnings exist","status":"passed","title":"should return true when high severity warnings exist","duration":0.14889999999991232,"failureMessages":[],"meta":{}},{"ancestorTitles":["hasHighSeverityWarnings"],"fullName":"hasHighSeverityWarnings should return false when no high severity warnings exist","status":"passed","title":"should return false when no high severity warnings exist","duration":0.0907999999999447,"failureMessages":[],"meta":{}},{"ancestorTitles":["hasHighSeverityWarnings"],"fullName":"hasHighSeverityWarnings should return false for empty warnings","status":"passed","title":"should return false for empty warnings","duration":0.07449999999994361,"failureMessages":[],"meta":{}}],"startTime":1769632531354,"endTime":1769632531370.1492,"status":"failed","message":"","name":"C:/Users/Alexis/Documents/LeadGen/src/__tests__/unit/sequences/spam-analyzer.test.ts"}]}
